107.06.16 09:32 B C:\next\www-me\scratch\goggo\edgames\PhysicsFeud\eqn00.html <-- sb /www.sethbaum.com/edgames/PhysicsFeud eqn00.html
107.06.16 09:32 B C:\next\www-me\scratch\goggo\edgames\PhysicsFeud\eqn01.html <-- sb /www.sethbaum.com/edgames/PhysicsFeud eqn01.html
107.06.16 09:32 B C:\next\www-me\scratch\goggo\edgames\PhysicsFeud\eqn02.html <-- sb /www.sethbaum.com/edgames/PhysicsFeud eqn02.html
107.06.16 09:32 B C:\next\www-me\scratch\goggo\edgames\PhysicsFeud\eqn03.html <-- sb /www.sethbaum.com/edgames/PhysicsFeud eqn03.html
107.06.16 09:32 B C:\next\www-me\scratch\goggo\edgames\PhysicsFeud\eqn04.html <-- sb /www.sethbaum.com/edgames/PhysicsFeud eqn04.html
107.06.16 09:32 B C:\next\www-me\scratch\goggo\edgames\PhysicsFeud\eqn05.html <-- sb /www.sethbaum.com/edgames/PhysicsFeud eqn05.html
107.06.16 09:32 B C:\next\www-me\scratch\goggo\edgames\PhysicsFeud\eqn06.html <-- sb /www.sethbaum.com/edgames/PhysicsFeud eqn06.html
107.06.16 09:32 B C:\next\www-me\scratch\goggo\edgames\PhysicsFeud\index.html <-- sb /www.sethbaum.com/edgames/PhysicsFeud index.html
107.06.16 09:32 B C:\next\www-me\scratch\goggo\edgames\PhysicsFeud\popup.txt <-- sb /www.sethbaum.com/edgames/PhysicsFeud popup.txt
107.06.16 09:32 B C:\next\www-me\scratch\goggo\edgames\PhysicsFeud\reg00.html <-- sb /www.sethbaum.com/edgames/PhysicsFeud reg00.html
107.06.16 09:32 B C:\next\www-me\scratch\goggo\edgames\PhysicsFeud\reg01.html <-- sb /www.sethbaum.com/edgames/PhysicsFeud reg01.html
107.06.16 09:32 B C:\next\www-me\scratch\goggo\edgames\PhysicsFeud\reg02.html <-- sb /www.sethbaum.com/edgames/PhysicsFeud reg02.html
107.06.16 09:32 B C:\next\www-me\scratch\goggo\edgames\PhysicsFeud\reg02.png <-- sb /www.sethbaum.com/edgames/PhysicsFeud reg02.png
107.06.16 09:32 B C:\next\www-me\scratch\goggo\edgames\PhysicsFeud\reg03.html <-- sb /www.sethbaum.com/edgames/PhysicsFeud reg03.html
107.06.16 09:32 B C:\next\www-me\scratch\goggo\edgames\PhysicsFeud\reg04.html <-- sb /www.sethbaum.com/edgames/PhysicsFeud reg04.html
107.06.16 09:32 B C:\next\www-me\scratch\goggo\edgames\PhysicsFeud\reg05.html <-- sb /www.sethbaum.com/edgames/PhysicsFeud reg05.html
107.06.16 09:32 B C:\next\www-me\scratch\goggo\edgames\PhysicsFeud\reg05.png <-- sb /www.sethbaum.com/edgames/PhysicsFeud reg05.png
107.06.16 09:32 B C:\next\www-me\scratch\goggo\edgames\PhysicsFeud\reg06.html <-- sb /www.sethbaum.com/edgames/PhysicsFeud reg06.html
107.06.16 09:32 B C:\next\www-me\scratch\goggo\edgames\PhysicsFeud\utility.txt <-- sb /www.sethbaum.com/edgames/PhysicsFeud utility.txt
107.06.16 09:32 B C:\next\www-me\scratch\goggo\edgames\PhysicsFeud\xbox.png <-- sb /www.sethbaum.com/edgames/PhysicsFeud xbox.png
107.06.16 09:33 B C:\next\www-me\scratch\goggo\edgames\PhysicsFeud\eqn00.html --> sethbaum.com /www.sethbaum.com/test/education/edgames/PhysicsFeud eqn00.html
107.06.16 09:33 B C:\next\www-me\scratch\goggo\edgames\PhysicsFeud\eqn01.html --> sethbaum.com /www.sethbaum.com/test/education/edgames/PhysicsFeud eqn01.html
107.06.16 09:33 B C:\next\www-me\scratch\goggo\edgames\PhysicsFeud\eqn02.html --> sethbaum.com /www.sethbaum.com/test/education/edgames/PhysicsFeud eqn02.html
107.06.16 09:33 B C:\next\www-me\scratch\goggo\edgames\PhysicsFeud\eqn03.html --> sethbaum.com /www.sethbaum.com/test/education/edgames/PhysicsFeud eqn03.html
107.06.16 09:33 B C:\next\www-me\scratch\goggo\edgames\PhysicsFeud\eqn04.html --> sethbaum.com /www.sethbaum.com/test/education/edgames/PhysicsFeud eqn04.html
107.06.16 09:33 B C:\next\www-me\scratch\goggo\edgames\PhysicsFeud\eqn05.html --> sethbaum.com /www.sethbaum.com/test/education/edgames/PhysicsFeud eqn05.html
107.06.16 09:33 B C:\next\www-me\scratch\goggo\edgames\PhysicsFeud\eqn06.html --> sethbaum.com /www.sethbaum.com/test/education/edgames/PhysicsFeud eqn06.html
107.06.16 09:33 B C:\next\www-me\scratch\goggo\edgames\PhysicsFeud\index.html --> sethbaum.com /www.sethbaum.com/test/education/edgames/PhysicsFeud index.html
107.06.16 09:33 B C:\next\www-me\scratch\goggo\edgames\PhysicsFeud\popup.txt --> sethbaum.com /www.sethbaum.com/test/education/edgames/PhysicsFeud popup.txt
107.06.16 09:33 B C:\next\www-me\scratch\goggo\edgames\PhysicsFeud\reg00.html --> sethbaum.com /www.sethbaum.com/test/education/edgames/PhysicsFeud reg00.html
107.06.16 09:33 B C:\next\www-me\scratch\goggo\edgames\PhysicsFeud\reg01.html --> sethbaum.com /www.sethbaum.com/test/education/edgames/PhysicsFeud reg01.html
107.06.16 09:33 B C:\next\www-me\scratch\goggo\edgames\PhysicsFeud\reg02.html --> sethbaum.com /www.sethbaum.com/test/education/edgames/PhysicsFeud reg02.html
107.06.16 09:33 B C:\next\www-me\scratch\goggo\edgames\PhysicsFeud\reg02.png --> sethbaum.com /www.sethbaum.com/test/education/edgames/PhysicsFeud reg02.png
107.06.16 09:33 B C:\next\www-me\scratch\goggo\edgames\PhysicsFeud\reg03.html --> sethbaum.com /www.sethbaum.com/test/education/edgames/PhysicsFeud reg03.html
107.06.16 09:33 B C:\next\www-me\scratch\goggo\edgames\PhysicsFeud\reg04.html --> sethbaum.com /www.sethbaum.com/test/education/edgames/PhysicsFeud reg04.html
107.06.16 09:33 B C:\next\www-me\scratch\goggo\edgames\PhysicsFeud\reg05.html --> sethbaum.com /www.sethbaum.com/test/education/edgames/PhysicsFeud reg05.html
107.06.16 09:33 B C:\next\www-me\scratch\goggo\edgames\PhysicsFeud\reg05.png --> sethbaum.com /www.sethbaum.com/test/education/edgames/PhysicsFeud reg05.png
107.06.16 09:33 B C:\next\www-me\scratch\goggo\edgames\PhysicsFeud\reg06.html --> sethbaum.com /www.sethbaum.com/test/education/edgames/PhysicsFeud reg06.html
107.06.16 09:33 B C:\next\www-me\scratch\goggo\edgames\PhysicsFeud\utility.txt --> sethbaum.com /www.sethbaum.com/test/education/edgames/PhysicsFeud utility.txt
107.06.21 10:35 B C:\next\www-me\test\education\games\PhysicsFeud\WS_FTP.LOG <-- sb /www.sethbaum.com/test/education/games/PhysicsFeud WS_FTP.LOG
107.06.21 10:35 B C:\next\www-me\test\education\games\PhysicsFeud\xbox.png <-- sb /www.sethbaum.com/test/education/games/PhysicsFeud xbox.png
107.06.21 10:39 B C:\next\www-me\test\education\games\PhysicsFeud\eqn00.html --> sethbaum.com /www.sethbaum.com/education/games/PhysicsFeud eqn00.html
107.06.21 10:39 B C:\next\www-me\test\education\games\PhysicsFeud\eqn01.html --> sethbaum.com /www.sethbaum.com/education/games/PhysicsFeud eqn01.html
107.06.21 10:39 B C:\next\www-me\test\education\games\PhysicsFeud\eqn02.html --> sethbaum.com /www.sethbaum.com/education/games/PhysicsFeud eqn02.html
107.06.21 10:39 B C:\next\www-me\test\education\games\PhysicsFeud\eqn03.html --> sethbaum.com /www.sethbaum.com/education/games/PhysicsFeud eqn03.html
107.06.21 10:39 B C:\next\www-me\test\education\games\PhysicsFeud\eqn04.html --> sethbaum.com /www.sethbaum.com/education/games/PhysicsFeud eqn04.html
107.06.21 10:39 B C:\next\www-me\test\education\games\PhysicsFeud\eqn05.html --> sethbaum.com /www.sethbaum.com/education/games/PhysicsFeud eqn05.html
107.06.21 10:39 B C:\next\www-me\test\education\games\PhysicsFeud\eqn06.html --> sethbaum.com /www.sethbaum.com/education/games/PhysicsFeud eqn06.html
107.06.21 10:39 B C:\next\www-me\test\education\games\PhysicsFeud\index.html --> sethbaum.com /www.sethbaum.com/education/games/PhysicsFeud index.html
107.06.21 10:39 B C:\next\www-me\test\education\games\PhysicsFeud\popup.txt --> sethbaum.com /www.sethbaum.com/education/games/PhysicsFeud popup.txt
107.06.21 10:39 B C:\next\www-me\test\education\games\PhysicsFeud\reg00.html --> sethbaum.com /www.sethbaum.com/education/games/PhysicsFeud reg00.html
107.06.21 10:39 B C:\next\www-me\test\education\games\PhysicsFeud\reg01.html --> sethbaum.com /www.sethbaum.com/education/games/PhysicsFeud reg01.html
107.06.21 10:39 B C:\next\www-me\test\education\games\PhysicsFeud\reg02.html --> sethbaum.com /www.sethbaum.com/education/games/PhysicsFeud reg02.html
107.06.21 10:39 B C:\next\www-me\test\education\games\PhysicsFeud\reg02.png --> sethbaum.com /www.sethbaum.com/education/games/PhysicsFeud reg02.png
107.06.21 10:39 B C:\next\www-me\test\education\games\PhysicsFeud\reg03.html --> sethbaum.com /www.sethbaum.com/education/games/PhysicsFeud reg03.html
107.06.21 10:39 B C:\next\www-me\test\education\games\PhysicsFeud\reg04.html --> sethbaum.com /www.sethbaum.com/education/games/PhysicsFeud reg04.html
107.06.21 10:39 B C:\next\www-me\test\education\games\PhysicsFeud\reg05.html --> sethbaum.com /www.sethbaum.com/education/games/PhysicsFeud reg05.html
107.06.21 10:39 B C:\next\www-me\test\education\games\PhysicsFeud\reg05.png --> sethbaum.com /www.sethbaum.com/education/games/PhysicsFeud reg05.png
107.06.21 10:39 B C:\next\www-me\test\education\games\PhysicsFeud\reg06.html --> sethbaum.com /www.sethbaum.com/education/games/PhysicsFeud reg06.html
107.06.21 10:39 B C:\next\www-me\test\education\games\PhysicsFeud\utility.txt --> sethbaum.com /www.sethbaum.com/education/games/PhysicsFeud utility.txt
107.07.30 20:50 B C:\next\www-me\scratch\PhysicsFeud\WS_FTP.LOG <-- sb /www.sethbaum.com/education/games/PhysicsFeud WS_FTP.LOG
107.07.30 20:50 B C:\next\www-me\scratch\PhysicsFeud\xbox.png <-- sb /www.sethbaum.com/education/games/PhysicsFeud xbox.png
107.07.30 20:50 B C:\next\www-me\scratch\PhysicsFeud\eqn00.html --> sethbaum.com /www.sethbaum.com/education/games/PhysicsFeud/PhysicsFeud eqn00.html
107.07.30 20:50 B C:\next\www-me\scratch\PhysicsFeud\eqn01.html --> sethbaum.com /www.sethbaum.com/education/games/PhysicsFeud/PhysicsFeud eqn01.html
107.07.30 20:50 B C:\next\www-me\scratch\PhysicsFeud\eqn02.html --> sethbaum.com /www.sethbaum.com/education/games/PhysicsFeud/PhysicsFeud eqn02.html
107.07.30 20:50 B C:\next\www-me\scratch\PhysicsFeud\eqn03.html --> sethbaum.com /www.sethbaum.com/education/games/PhysicsFeud/PhysicsFeud eqn03.html
107.07.30 20:50 B C:\next\www-me\scratch\PhysicsFeud\eqn04.html --> sethbaum.com /www.sethbaum.com/education/games/PhysicsFeud/PhysicsFeud eqn04.html
107.07.30 20:50 B C:\next\www-me\scratch\PhysicsFeud\eqn05.html --> sethbaum.com /www.sethbaum.com/education/games/PhysicsFeud/PhysicsFeud eqn05.html
107.07.30 20:50 B C:\next\www-me\scratch\PhysicsFeud\eqn06.html --> sethbaum.com /www.sethbaum.com/education/games/PhysicsFeud/PhysicsFeud eqn06.html
107.07.30 20:50 B C:\next\www-me\scratch\PhysicsFeud\index.html --> sethbaum.com /www.sethbaum.com/education/games/PhysicsFeud/PhysicsFeud index.html
107.07.30 20:50 B C:\next\www-me\scratch\PhysicsFeud\popup.txt --> sethbaum.com /www.sethbaum.com/education/games/PhysicsFeud/PhysicsFeud popup.txt
107.07.30 20:50 B C:\next\www-me\scratch\PhysicsFeud\reg00.html --> sethbaum.com /www.sethbaum.com/education/games/PhysicsFeud/PhysicsFeud reg00.html
107.07.30 20:50 B C:\next\www-me\scratch\PhysicsFeud\reg01.html --> sethbaum.com /www.sethbaum.com/education/games/PhysicsFeud/PhysicsFeud reg01.html
107.07.30 20:50 B C:\next\www-me\scratch\PhysicsFeud\reg02.html --> sethbaum.com /www.sethbaum.com/education/games/PhysicsFeud/PhysicsFeud reg02.html
107.07.30 20:50 B C:\next\www-me\scratch\PhysicsFeud\reg02.png --> sethbaum.com /www.sethbaum.com/education/games/PhysicsFeud/PhysicsFeud reg02.png
107.07.30 20:50 B C:\next\www-me\scratch\PhysicsFeud\reg03.html --> sethbaum.com /www.sethbaum.com/education/games/PhysicsFeud/PhysicsFeud reg03.html
107.07.30 20:50 B C:\next\www-me\scratch\PhysicsFeud\reg04.html --> sethbaum.com /www.sethbaum.com/education/games/PhysicsFeud/PhysicsFeud reg04.html
107.07.30 20:51 B C:\next\www-me\scratch\PhysicsFeud\reg05.html --> sethbaum.com /www.sethbaum.com/education/games/PhysicsFeud/PhysicsFeud reg05.html
107.07.30 20:51 B C:\next\www-me\scratch\PhysicsFeud\reg05.png --> sethbaum.com /www.sethbaum.com/education/games/PhysicsFeud/PhysicsFeud reg05.png
107.07.30 20:51 B C:\next\www-me\scratch\PhysicsFeud\reg06.html --> sethbaum.com /www.sethbaum.com/education/games/PhysicsFeud/PhysicsFeud reg06.html
107.07.30 20:51 B C:\next\www-me\scratch\PhysicsFeud\utility.txt --> sethbaum.com /www.sethbaum.com/education/games/PhysicsFeud/PhysicsFeud utility.txt
107.07.30 20:51 B C:\next\www-me\scratch\PhysicsFeud\WS_FTP.LOG --> sethbaum.com /www.sethbaum.com/education/games/PhysicsFeud/PhysicsFeud WS_FTP.LOG
107.07.30 20:51 B C:\next\www-me\scratch\PhysicsFeud\xbox.png --> sethbaum.com /www.sethbaum.com/education/games/PhysicsFeud/PhysicsFeud xbox.png
107.07.30 21:46 B C:\next\www-me\scratch\PhysicsFeud\eqn00.html --> sethbaum.com /www.sethbaum.com/education/games/feud/physics/PhysicsFeud eqn00.html
107.07.30 21:46 B C:\next\www-me\scratch\PhysicsFeud\eqn01.html --> sethbaum.com /www.sethbaum.com/education/games/feud/physics/PhysicsFeud eqn01.html
107.07.30 21:46 B C:\next\www-me\scratch\PhysicsFeud\eqn02.html --> sethbaum.com /www.sethbaum.com/education/games/feud/physics/PhysicsFeud eqn02.html
107.07.30 21:46 B C:\next\www-me\scratch\PhysicsFeud\eqn03.html --> sethbaum.com /www.sethbaum.com/education/games/feud/physics/PhysicsFeud eqn03.html
107.07.30 21:46 B C:\next\www-me\scratch\PhysicsFeud\eqn04.html --> sethbaum.com /www.sethbaum.com/education/games/feud/physics/PhysicsFeud eqn04.html
107.07.30 21:46 B C:\next\www-me\scratch\PhysicsFeud\eqn05.html --> sethbaum.com /www.sethbaum.com/education/games/feud/physics/PhysicsFeud eqn05.html
107.07.30 21:46 B C:\next\www-me\scratch\PhysicsFeud\eqn06.html --> sethbaum.com /www.sethbaum.com/education/games/feud/physics/PhysicsFeud eqn06.html
107.07.30 21:46 B C:\next\www-me\scratch\PhysicsFeud\index.html --> sethbaum.com /www.sethbaum.com/education/games/feud/physics/PhysicsFeud index.html
107.07.30 21:46 B C:\next\www-me\scratch\PhysicsFeud\popup.txt --> sethbaum.com /www.sethbaum.com/education/games/feud/physics/PhysicsFeud popup.txt
107.07.30 21:46 B C:\next\www-me\scratch\PhysicsFeud\reg00.html --> sethbaum.com /www.sethbaum.com/education/games/feud/physics/PhysicsFeud reg00.html
107.07.30 21:46 B C:\next\www-me\scratch\PhysicsFeud\reg01.html --> sethbaum.com /www.sethbaum.com/education/games/feud/physics/PhysicsFeud reg01.html
107.07.30 21:46 B C:\next\www-me\scratch\PhysicsFeud\reg02.html --> sethbaum.com /www.sethbaum.com/education/games/feud/physics/PhysicsFeud reg02.html
107.07.30 21:46 B C:\next\www-me\scratch\PhysicsFeud\reg02.png --> sethbaum.com /www.sethbaum.com/education/games/feud/physics/PhysicsFeud reg02.png
107.07.30 21:46 B C:\next\www-me\scratch\PhysicsFeud\reg03.html --> sethbaum.com /www.sethbaum.com/education/games/feud/physics/PhysicsFeud reg03.html
107.07.30 21:46 B C:\next\www-me\scratch\PhysicsFeud\reg04.html --> sethbaum.com /www.sethbaum.com/education/games/feud/physics/PhysicsFeud reg04.html
107.07.30 21:46 B C:\next\www-me\scratch\PhysicsFeud\reg05.html --> sethbaum.com /www.sethbaum.com/education/games/feud/physics/PhysicsFeud reg05.html
107.07.30 21:46 B C:\next\www-me\scratch\PhysicsFeud\reg05.png --> sethbaum.com /www.sethbaum.com/education/games/feud/physics/PhysicsFeud reg05.png
107.07.30 21:46 B C:\next\www-me\scratch\PhysicsFeud\reg06.html --> sethbaum.com /www.sethbaum.com/education/games/feud/physics/PhysicsFeud reg06.html
107.07.30 21:46 B C:\next\www-me\scratch\PhysicsFeud\utility.txt --> sethbaum.com /www.sethbaum.com/education/games/feud/physics/PhysicsFeud utility.txt
107.11.23 17:15 B C:\education\games\AP_Physics_Feud\play\WS_FTP.LOG <-- sb /www.sethbaum.com/education/games/feud/APphysics/play WS_FTP.LOG
107.11.23 17:15 B C:\education\games\AP_Physics_Feud\play\xbox.png <-- sb /www.sethbaum.com/education/games/feud/APphysics/play xbox.png
